<?xml version='1.0' encoding='UTF-8' ?>
<testsuite name="ru.netology.testing.uiautomator.ChangeTextTest" tests="4" failures="0" errors="0" skipped="0" time="81.979" timestamp="2025-09-26T12:45:31" hostname="localhost">
  <properties>
    <property name="device" value="Pixel_7(AVD) - 16" />
    <property name="flavor" value="" />
    <property name="project" value=":app" />
  </properties>
  <testcase name="testInternetSettings" classname="ru.netology.testing.uiautomator.ChangeTextTest" time="27.519" />
  <testcase name="testEmptyTextExactEmpty" classname="ru.netology.testing.uiautomator.ChangeTextTest" time="15.391" />
  <testcase name="testNoEmptyTextExactActivity" classname="ru.netology.testing.uiautomator.ChangeTextTest" time="15.667" />
  <testcase name="testChangeText" classname="ru.netology.testing.uiautomator.ChangeTextTest" time="12.077" />
</testsuite>